# BLASTX 2.17.0+
# Query: local seq exon29
# Database: /localdisk/home/s2893100/Exercises/Lecture06/nem
# 0 hits found
# BLASTX 2.17.0+
# Query: remote seq exon381
# Database: /localdisk/home/s2893100/Exercises/Lecture06/nem
# Fields: query acc.ver, subject acc.ver, % identity, alignment length, mismatches, gap opens, q. start, q. end, s. start, s. end, evalue, bit score
# 37 hits found
remote	gi|341891843|gb|EGT47778.1|	89.855	69	7	0	145	351	33	101	3.90e-43	137
remote	gi|324516574|gb|ADY46571.1|	89.855	69	7	0	145	351	31	99	5.36e-42	135
remote	gi|341879925|gb|EGT35860.1|	88.406	69	8	0	145	351	33	101	6.02e-42	135
remote	gi|341880407|gb|EGT36342.1|	88.406	69	8	0	145	351	32	100	6.38e-42	134
remote	gi|341891439|gb|EGT47374.1|	88.406	69	8	0	145	351	32	100	6.38e-42	134
remote	gi|341891757|gb|EGT47692.1|	88.406	69	8	0	145	351	32	100	6.38e-42	134
remote	gi|341895331|gb|EGT51266.1|	88.406	69	8	0	145	351	32	100	6.38e-42	134
remote	gi|341904178|gb|EGT60011.1|	88.406	69	8	0	145	351	32	100	6.81e-42	134
remote	gi|341878629|gb|EGT34564.1|	88.406	69	8	0	145	351	32	100	6.81e-42	134
remote	gi|341883159|gb|EGT39094.1|	88.406	69	8	0	145	351	32	100	6.81e-42	134
remote	gi|341883203|gb|EGT39138.1|	88.406	69	8	0	145	351	32	100	6.81e-42	134
remote	gi|341886495|gb|EGT42430.1|	88.406	69	8	0	145	351	32	100	6.81e-42	134
remote	gi|341886763|gb|EGT42698.1|	88.406	69	8	0	145	351	32	100	6.81e-42	134
remote	gi|341904171|gb|EGT60004.1|	88.406	69	8	0	145	351	32	100	6.81e-42	134
remote	gi|341904175|gb|EGT60008.1|	88.406	69	8	0	145	351	32	100	6.81e-42	134
remote	gi|341904181|gb|EGT60014.1|	88.406	69	8	0	145	351	32	100	6.81e-42	134
remote	gi|45476817|sp|Q27894.3|H2B2_CAEEL	88.406	69	8	0	145	351	33	101	6.87e-42	134
remote	gi|371571187|emb|CAB07654.2|	88.406	69	8	0	145	351	33	101	6.87e-42	134
remote	gi|341878591|gb|EGT34526.1|	88.406	69	8	0	145	351	32	100	7.11e-42	134
remote	gi|341878597|gb|EGT34532.1|	88.406	69	8	0	145	351	32	100	7.11e-42	134
remote	gi|341882887|gb|EGT38822.1|	88.406	69	8	0	145	351	32	100	7.11e-42	134
remote	gi|3875123|emb|CAA94740.1|	88.406	69	8	0	145	351	33	101	7.74e-42	134
remote	gi|3877576|emb|CAB05211.1|	88.406	69	8	0	145	351	33	101	9.33e-42	134
remote	gi|3873704|emb|CAA97413.1|	88.406	69	8	0	145	351	33	101	9.33e-42	134
remote	gi|351061535|emb|CCD69391.1|	88.406	69	8	0	145	351	33	101	9.33e-42	134
remote	gi|324515315|gb|ADY46162.1|	88.406	69	8	0	145	351	32	100	9.56e-42	134
remote	gi|402587004|gb|EJW80940.1|	88.406	69	8	0	145	351	32	100	1.69e-41	134
remote	gi|341883089|gb|EGT39024.1|	86.957	69	9	0	145	351	32	100	4.05e-41	132
remote	gi|402587741|gb|EJW81676.1|	86.957	69	9	0	145	351	32	100	1.24e-40	131
remote	gi|341902383|gb|EGT58318.1|	85.507	69	10	0	145	351	22	90	2.01e-39	128
remote	gi|402580233|gb|EJW74183.1|	82.609	69	12	0	145	351	40	108	3.54e-38	125
remote	gi|324544853|gb|ADY49688.1|	82.857	70	9	1	151	351	34	103	2.40e-37	123
remote	gi|402587740|gb|EJW81675.1|	32.692	52	32	2	145	300	44	92	0.13	31.2
remote	gi|324523185|gb|ADY48205.1|	29.032	62	43	1	163	345	39	100	0.76	29.6
remote	gi|341903456|gb|EGT59391.1|	41.935	31	15	1	150	233	1866	1896	4.8	27.3
remote	gi|402582687|gb|EJW76632.1|	44.000	25	14	0	266	192	83	107	6.9	26.9
remote	gi|402591041|gb|EJW84971.1|	33.333	39	26	0	232	348	34	72	9.7	26.2
# BLAST processed 2 queries
